Vivado Simulator 2020.2
Copyright 1986-1999, 2001-2020 Xilinx, Inc. All Rights Reserved.
Running: C:/vivado/Vivado/2020.2/bin/unwrapped/win64.o/xelab.exe -wto 7676551bbd7f4781ab69425335fa6cfe --incr --debug typical --relax --mt 2 -L xil_defaultlib -L unisims_ver -L unimacro_ver -L secureip --snapshot count1s_tb_behav xil_defaultlib.count1s_tb xil_defaultlib.glbl -log elaborate.log 
Using 2 slave threads.
Starting static elaboration
Pass Through NonSizing Optimizer
Completed static elaboration
Starting simulation data flow analysis
Completed simulation data flow analysis
Time Resolution for simulation is 1ps
Compiling module xil_defaultlib.mux_4x1
Compiling module xil_defaultlib.Dff
Compiling module xil_defaultlib.decoder2x4
Compiling module xil_defaultlib.Controller
Compiling module xil_defaultlib.Shiftreg
Compiling module xil_defaultlib.Counter
Compiling module xil_defaultlib.flipflopdata
Compiling module xil_defaultlib.Datapath
Compiling module xil_defaultlib.counter_1
Compiling module xil_defaultlib.count1s_tb
Compiling module xil_defaultlib.glbl
Built simulation snapshot count1s_tb_behav
